Connecting to database specified by database.yml
Compiled jquery.js  (4ms)  (pid 62455)
Compiled jquery_ujs.js  (1ms)  (pid 62455)
Compiled ckeditor/ckeditor.js  (12ms)  (pid 62455)
Compiled ckeditor/init.js  (27ms)  (pid 62455)
Compiled twitter/bootstrap/bootstrap-transition.js  (0ms)  (pid 62455)
Compiled twitter/bootstrap/bootstrap-alert.js  (0ms)  (pid 62455)
Compiled twitter/bootstrap/bootstrap-modal.js  (0ms)  (pid 62455)
Compiled twitter/bootstrap/bootstrap-dropdown.js  (0ms)  (pid 62455)
Compiled twitter/bootstrap/bootstrap-scrollspy.js  (0ms)  (pid 62455)
Compiled twitter/bootstrap/bootstrap-tab.js  (0ms)  (pid 62455)
Compiled twitter/bootstrap/bootstrap-tooltip.js  (0ms)  (pid 62455)
Compiled twitter/bootstrap/bootstrap-popover.js  (0ms)  (pid 62455)
Compiled twitter/bootstrap/bootstrap-button.js  (0ms)  (pid 62455)
Compiled twitter/bootstrap/bootstrap-collapse.js  (0ms)  (pid 62455)
Compiled twitter/bootstrap/bootstrap-carousel.js  (0ms)  (pid 62455)
Compiled twitter/bootstrap/bootstrap-typeahead.js  (1ms)  (pid 62455)
Compiled twitter/bootstrap/bootstrap-affix.js  (0ms)  (pid 62455)
Compiled twitter/bootstrap.js  (268ms)  (pid 62455)
Compiled jquery_nested_form.js  (0ms)  (pid 62455)
Compiled bootstrap.js  (76ms)  (pid 62455)
Compiled rails.validations.js  (1ms)  (pid 62455)
Compiled sessions.js  (1ms)  (pid 62455)
Compiled web/admin/application.js  (1ms)  (pid 62455)
Compiled web/admin/dashboard.js  (1ms)  (pid 62455)
Compiled web/admin/feedback.js  (1ms)  (pid 62455)
Compiled web/admin/members.js  (1ms)  (pid 62455)
Compiled web/admin/menu.js  (1ms)  (pid 62455)
Compiled web/admin/menu_items.js  (4ms)  (pid 62455)
Compiled web/admin/news.js  (1ms)  (pid 62455)
Compiled web/admin/news_categories.js  (1ms)  (pid 62455)
Compiled web/admin/pages.js  (3ms)  (pid 62455)
Compiled web/admin/settings.js  (1ms)  (pid 62455)
Compiled web/admin/subscribers.js  (1ms)  (pid 62455)
Compiled web/admin/users.js  (1ms)  (pid 62455)
Compiled web/application.js  (1ms)  (pid 62455)
Compiled web/feedback.js  (1ms)  (pid 62455)
Compiled web/members.js  (1ms)  (pid 62455)
Compiled web/pages.js  (1ms)  (pid 62455)
Compiled web/subscribers.js  (20ms)  (pid 62455)
Compiled application.js  (956ms)  (pid 62455)
Compiled bootstrap_and_overrides.css  (1550ms)  (pid 62455)
Compiled sessions.css  (32ms)  (pid 62455)
Compiled web/admin/application.css  (6ms)  (pid 62455)
Compiled web/admin/dashboard.css  (2ms)  (pid 62455)
Compiled web/admin/feedback.css  (2ms)  (pid 62455)
Compiled web/admin/members.css  (1ms)  (pid 62455)
Compiled web/admin/news.css  (2ms)  (pid 62455)
Compiled web/admin/news_categories.css  (2ms)  (pid 62455)
Compiled web/admin/subscribers.css  (2ms)  (pid 62455)
Compiled web/admin/users.css  (2ms)  (pid 62455)
Compiled web/application.css  (14ms)  (pid 62455)
Compiled web/feedback.css  (2ms)  (pid 62455)
Compiled web/members.css  (2ms)  (pid 62455)
Compiled web/subscribers.css  (2ms)  (pid 62455)
Compiled application.css  (1867ms)  (pid 62455)
Compiled ckeditor/filebrowser/javascripts/jquery.min.js  (70ms)  (pid 62455)
Compiled ckeditor/filebrowser/javascripts/jquery.tmpl.min.js  (0ms)  (pid 62455)
Compiled ckeditor/filebrowser/javascripts/fileuploader.js  (1ms)  (pid 62455)
Compiled ckeditor/filebrowser/javascripts/rails.js  (0ms)  (pid 62455)
Compiled ckeditor/filebrowser/javascripts/application.js  (0ms)  (pid 62455)
Compiled ckeditor/application.js  (122ms)  (pid 62455)
Compiled ckeditor/filebrowser/stylesheets/uploader.css  (0ms)  (pid 62455)
Compiled ckeditor/application.css  (8ms)  (pid 62455)
Connecting to database specified by database.yml
Compiled jquery.js  (4ms)  (pid 62455)
Compiled jquery_ujs.js  (0ms)  (pid 62455)
Compiled ckeditor/ckeditor.js  (13ms)  (pid 62455)
Compiled ckeditor/init.js  (33ms)  (pid 62455)
Compiled twitter/bootstrap/bootstrap-transition.js  (0ms)  (pid 62455)
Compiled twitter/bootstrap/bootstrap-alert.js  (1ms)  (pid 62455)
Compiled twitter/bootstrap/bootstrap-modal.js  (0ms)  (pid 62455)
Compiled twitter/bootstrap/bootstrap-dropdown.js  (0ms)  (pid 62455)
Compiled twitter/bootstrap/bootstrap-scrollspy.js  (1ms)  (pid 62455)
Compiled twitter/bootstrap/bootstrap-tab.js  (1ms)  (pid 62455)
Compiled twitter/bootstrap/bootstrap-tooltip.js  (0ms)  (pid 62455)
Compiled twitter/bootstrap/bootstrap-popover.js  (0ms)  (pid 62455)
Compiled twitter/bootstrap/bootstrap-button.js  (0ms)  (pid 62455)
Compiled twitter/bootstrap/bootstrap-collapse.js  (1ms)  (pid 62455)
Compiled twitter/bootstrap/bootstrap-carousel.js  (1ms)  (pid 62455)
Compiled twitter/bootstrap/bootstrap-typeahead.js  (0ms)  (pid 62455)
Compiled twitter/bootstrap/bootstrap-affix.js  (1ms)  (pid 62455)
Compiled twitter/bootstrap.js  (315ms)  (pid 62455)
Compiled jquery_nested_form.js  (0ms)  (pid 62455)
Compiled bootstrap.js  (88ms)  (pid 62455)
Compiled rails.validations.js  (1ms)  (pid 62455)
Compiled sessions.js  (1ms)  (pid 62455)
Compiled web/admin/application.js  (2ms)  (pid 62455)
Compiled web/admin/dashboard.js  (1ms)  (pid 62455)
Compiled web/admin/feedback.js  (1ms)  (pid 62455)
Compiled web/admin/members.js  (1ms)  (pid 62455)
Compiled web/admin/menu.js  (1ms)  (pid 62455)
Compiled web/admin/menu_items.js  (4ms)  (pid 62455)
Compiled web/admin/news.js  (1ms)  (pid 62455)
Compiled web/admin/news_categories.js  (1ms)  (pid 62455)
Compiled web/admin/pages.js  (3ms)  (pid 62455)
Compiled web/admin/settings.js  (1ms)  (pid 62455)
Compiled web/admin/subscribers.js  (1ms)  (pid 62455)
Compiled web/admin/users.js  (1ms)  (pid 62455)
Compiled web/application.js  (1ms)  (pid 62455)
Compiled web/feedback.js  (1ms)  (pid 62455)
Compiled web/members.js  (1ms)  (pid 62455)
Compiled web/pages.js  (1ms)  (pid 62455)
Compiled web/subscribers.js  (21ms)  (pid 62455)
Compiled application.js  (941ms)  (pid 62455)
Compiled bootstrap_and_overrides.css  (1191ms)  (pid 62455)
Compiled sessions.css  (37ms)  (pid 62455)
Compiled web/admin/application.css  (9ms)  (pid 62455)
Compiled web/admin/dashboard.css  (2ms)  (pid 62455)
Compiled web/admin/feedback.css  (2ms)  (pid 62455)
Compiled web/admin/members.css  (2ms)  (pid 62455)
Compiled web/admin/news.css  (2ms)  (pid 62455)
Compiled web/admin/news_categories.css  (2ms)  (pid 62455)
Compiled web/admin/subscribers.css  (2ms)  (pid 62455)
Compiled web/admin/users.css  (2ms)  (pid 62455)
Compiled web/application.css  (12ms)  (pid 62455)
Compiled web/feedback.css  (2ms)  (pid 62455)
Compiled web/members.css  (2ms)  (pid 62455)
Compiled web/subscribers.css  (2ms)  (pid 62455)
Compiled application.css  (1620ms)  (pid 62455)
Compiled ckeditor/filebrowser/javascripts/jquery.min.js  (3ms)  (pid 62455)
Compiled ckeditor/filebrowser/javascripts/jquery.tmpl.min.js  (0ms)  (pid 62455)
Compiled ckeditor/filebrowser/javascripts/fileuploader.js  (2ms)  (pid 62455)
Compiled ckeditor/filebrowser/javascripts/rails.js  (0ms)  (pid 62455)
Compiled ckeditor/filebrowser/javascripts/application.js  (0ms)  (pid 62455)
Compiled ckeditor/application.js  (82ms)  (pid 62455)
Compiled ckeditor/filebrowser/stylesheets/uploader.css  (0ms)  (pid 62455)
Compiled ckeditor/application.css  (9ms)  (pid 62455)
Connecting to database specified by database.yml
